Using pre-set license
Built from '2021.3/evg/staging/82bb020e-b03b1330/draft-0' branch; Version is '2021.3.16f1 (4016570cf34f) revision 4200023'; Using compiler version '192829333'; Build Type 'Release'
OS: 'Windows 10  (10.0.19045) 64bit Professional' Language: 'es' Physical Memory: 16306 MB
BatchMode: 1, IsHumanControllingUs: 0, StartBugReporterOnCrash: 0, Is64bit: 1, IsPro: 1

COMMAND LINE ARGUMENTS:
C:\Program Files\Unity\Hub\Editor\2021.3.16f1\Editor\Unity.exe
-adb2
-batchMode
-noUpm
-name
AssetImportWorker1
-projectPath
D:/Proyecto-IdS/Proyecto-IdS/ProyectoIdS2
-logFile
Logs/AssetImportWorker1.log
-srvPort
28463
Successfully changed project path to: D:/Proyecto-IdS/Proyecto-IdS/ProyectoIdS2
D:/Proyecto-IdS/Proyecto-IdS/ProyectoIdS2
[UnityMemory] Configuration Parameters - Can be set up in boot.config
    "memorysetup-bucket-allocator-granularity=16"
    "memorysetup-bucket-allocator-bucket-count=8"
    "memorysetup-bucket-allocator-block-size=33554432"
    "memorysetup-bucket-allocator-block-count=8"
    "memorysetup-main-allocator-block-size=16777216"
    "memorysetup-thread-allocator-block-size=16777216"
    "memorysetup-gfx-main-allocator-block-size=16777216"
    "memorysetup-gfx-thread-allocator-block-size=16777216"
    "memorysetup-cache-allocator-block-size=4194304"
    "memorysetup-typetree-allocator-block-size=2097152"
    "memorysetup-profiler-bucket-allocator-granularity=16"
    "memorysetup-profiler-bucket-allocator-bucket-count=8"
    "memorysetup-profiler-bucket-allocator-block-size=33554432"
    "memorysetup-profiler-bucket-allocator-block-count=8"
    "memorysetup-profiler-allocator-block-size=16777216"
    "memorysetup-profiler-editor-allocator-block-size=1048576"
    "memorysetup-temp-allocator-size-main=16777216"
    "memorysetup-job-temp-allocator-block-size=2097152"
    "memorysetup-job-temp-allocator-block-size-background=1048576"
    "memorysetup-job-temp-allocator-reduction-small-platforms=262144"
    "memorysetup-temp-allocator-size-background-worker=32768"
    "memorysetup-temp-allocator-size-job-worker=262144"
    "memorysetup-temp-allocator-size-preload-manager=33554432"
    "memorysetup-temp-allocator-size-nav-mesh-worker=65536"
    "memorysetup-temp-allocator-size-audio-worker=65536"
    "memorysetup-temp-allocator-size-cloud-worker=32768"
    "memorysetup-temp-allocator-size-gi-baking-worker=262144"
    "memorysetup-temp-allocator-size-gfx=262144"
Player connection [28996] Host "[IP] 192.168.100.2 [Port] 0 [Flags] 2 [Guid] 2356878108 [EditorId] 2356878108 [Version] 1048832 [Id] WindowsEditor(7,DESKTOP-0IVBD2K) [Debug] 1 [PackageName] WindowsEditor [ProjectName] Editor" joined multi-casting on [225.0.0.222:54997]...

Player connection [28996] Host "[IP] 192.168.100.2 [Port] 0 [Flags] 2 [Guid] 2356878108 [EditorId] 2356878108 [Version] 1048832 [Id] WindowsEditor(7,DESKTOP-0IVBD2K) [Debug] 1 [PackageName] WindowsEditor [ProjectName] Editor" joined alternative multi-casting on [225.0.0.222:34997]...

Refreshing native plugins compatible for Editor in 80.17 ms, found 4 plugins.
Preloading 1 native plugins for Editor in 1.12 ms.
Initialize engine version: 2021.3.16f1 (4016570cf34f)
[Subsystems] Discovering subsystems at path C:/Program Files/Unity/Hub/Editor/2021.3.16f1/Editor/Data/Resources/UnitySubsystems
[Subsystems] Discovering subsystems at path D:/Proyecto-IdS/Proyecto-IdS/ProyectoIdS2/Assets
GfxDevice: creating device client; threaded=0; jobified=0
Direct3D:
    Version:  Direct3D 11.0 [level 11.1]
    Renderer: NVIDIA GeForce RTX 2070 SUPER (ID=0x1e84)
    Vendor:   NVIDIA
    VRAM:     8003 MB
    Driver:   31.0.15.4629
Initialize mono
Mono path[0] = 'C:/Program Files/Unity/Hub/Editor/2021.3.16f1/Editor/Data/Managed'
Mono path[1] = 'C:/Program Files/Unity/Hub/Editor/2021.3.16f1/Editor/Data/MonoBleedingEdge/lib/mono/unityjit-win32'
Mono config path = 'C:/Program Files/Unity/Hub/Editor/2021.3.16f1/Editor/Data/MonoBleedingEdge/etc'
Using monoOptions --debugger-agent=transport=dt_socket,embedding=1,server=y,suspend=n,address=127.0.0.1:56712
Begin MonoManager ReloadAssembly
Registering precompiled unity dll's ...
Register platform support module: C:/Program Files/Unity/Hub/Editor/2021.3.16f1/Editor/Data/PlaybackEngines/WindowsStandaloneSupport/UnityEditor.WindowsStandalone.Extensions.dll
Registered in 0.009109 seconds.
Native extension for WindowsStandalone target not found
Refreshing native plugins compatible for Editor in 78.66 ms, found 4 plugins.
Preloading 1 native plugins for Editor in 0.04 ms.
Mono: successfully reloaded assembly
- Completed reload, in  0.635 seconds
Domain Reload Profiling:
	ReloadAssembly (636ms)
		BeginReloadAssembly (82ms)
			ExecutionOrderSort (0ms)
			DisableScriptedObjects (0ms)
			BackupInstance (0ms)
			ReleaseScriptingObjects (0ms)
			CreateAndSetChildDomain (1ms)
		EndReloadAssembly (436ms)
			LoadAssemblies (78ms)
			RebuildTransferFunctionScriptingTraits (0ms)
			SetupTypeCache (100ms)
			ReleaseScriptCaches (0ms)
			RebuildScriptCaches (27ms)
			SetupLoadedEditorAssemblies (253ms)
				LogAssemblyErrors (0ms)
				InitializePlatformSupportModulesInManaged (9ms)
				SetLoadedEditorAssemblies (0ms)
				RefreshPlugins (79ms)
				BeforeProcessingInitializeOnLoad (1ms)
				ProcessInitializeOnLoadAttributes (118ms)
				ProcessInitializeOnLoadMethodAttributes (47ms)
				AfterProcessingInitializeOnLoad (0ms)
				EditorAssembliesLoaded (0ms)
			ExecutionOrderSort2 (0ms)
			AwakeInstancesAfterBackupRestoration (0ms)
Platform modules already initialized, skipping
Registering precompiled user dll's ...
Registered in 0.008442 seconds.
Begin MonoManager ReloadAssembly
Symbol file data-0000017FC695CC30 doesn't match image D:\Proyecto-IdS\Proyecto-IdS\ProyectoIdS2\Library\ScriptAssemblies\Assembly-CSharp-firstpass.dll
Symbol file LoadedFromMemory is not a mono symbol file
Symbol file data-0000017FC4E37060 doesn't match image D:\Proyecto-IdS\Proyecto-IdS\ProyectoIdS2\Library\ScriptAssemblies\Unity.VisualScripting.Flow.Editor.dll
Symbol file LoadedFromMemory is not a mono symbol file
Symbol file data-0000017FC4E05A70 doesn't match image D:\Proyecto-IdS\Proyecto-IdS\ProyectoIdS2\Library\ScriptAssemblies\Unity.VSCode.Editor.dll
Symbol file LoadedFromMemory is not a mono symbol file
Symbol file data-0000017FC679C020 doesn't match image D:\Proyecto-IdS\Proyecto-IdS\ProyectoIdS2\Library\ScriptAssemblies\Unity.TextMeshPro.Editor.dll
Symbol file LoadedFromMemory is not a mono symbol file
Symbol file data-0000017FC4E05A70 doesn't match image D:\Proyecto-IdS\Proyecto-IdS\ProyectoIdS2\Library\ScriptAssemblies\Unity.Services.Core.Telemetry.dll
Symbol file LoadedFromMemory is not a mono symbol file
Symbol file data-0000017FC733A010 doesn't match image D:\Proyecto-IdS\Proyecto-IdS\ProyectoIdS2\Library\ScriptAssemblies\Unity.Performance.Profile-Analyzer.Editor.dll
Symbol file LoadedFromMemory is not a mono symbol file
Symbol file data-0000017FC695CC30 doesn't match image D:\Proyecto-IdS\Proyecto-IdS\ProyectoIdS2\Library\ScriptAssemblies\Unity.TestTools.CodeCoverage.Editor.OpenCover.Model.dll
Symbol file LoadedFromMemory is not a mono symbol file
Symbol file data-0000017FC736A030 doesn't match image D:\Proyecto-IdS\Proyecto-IdS\ProyectoIdS2\Library\ScriptAssemblies\Unity.Timeline.dll
Symbol file LoadedFromMemory is not a mono symbol file
Symbol file data-0000017FC688B020 doesn't match image D:\Proyecto-IdS\Proyecto-IdS\ProyectoIdS2\Library\ScriptAssemblies\Unity.VisualScripting.Core.Editor.dll
Symbol file LoadedFromMemory is not a mono symbol file
Symbol file data-0000017FC688B020 doesn't match image D:\Proyecto-IdS\Proyecto-IdS\ProyectoIdS2\Library\ScriptAssemblies\Unity.TextMeshPro.dll
Symbol file LoadedFromMemory is not a mono symbol file
Symbol file data-0000017FC46A9E20 doesn't match image D:\Proyecto-IdS\Proyecto-IdS\ProyectoIdS2\Library\ScriptAssemblies\Unity.VisualScripting.State.Editor.dll
Symbol file LoadedFromMemory is not a mono symbol file
Symbol file data-0000017FC7AA6A20 doesn't match image D:\Proyecto-IdS\Proyecto-IdS\ProyectoIdS2\Library\ScriptAssemblies\Unity.Services.Core.Networking.dll
Symbol file LoadedFromMemory is not a mono symbol file
Symbol file data-0000017FC7AA6A20 doesn't match image D:\Proyecto-IdS\Proyecto-IdS\ProyectoIdS2\Library\ScriptAssemblies\Unity.VisualScripting.SettingsProvider.Editor.dll
Symbol file LoadedFromMemory is not a mono symbol file
Symbol file data-0000017FC695CC30 doesn't match image D:\Proyecto-IdS\Proyecto-IdS\ProyectoIdS2\Library\ScriptAssemblies\Unity.TestTools.CodeCoverage.Editor.OpenCover.Mono.Reflection.dll
Symbol file LoadedFromMemory is not a mono symbol file
Symbol file data-0000017FC42A0080 doesn't match image D:\Proyecto-IdS\Proyecto-IdS\ProyectoIdS2\Library\ScriptAssemblies\Unity.VisualScripting.Flow.dll
Symbol file LoadedFromMemory is not a mono symbol file
Symbol file data-0000017FC68CF5E0 doesn't match image D:\Proyecto-IdS\Proyecto-IdS\ProyectoIdS2\Library\ScriptAssemblies\UnityEditor.UI.dll
Symbol file LoadedFromMemory is not a mono symbol file
Symbol file data-0000017FC42ECF10 doesn't match image D:\Proyecto-IdS\Proyecto-IdS\ProyectoIdS2\Library\ScriptAssemblies\Unity.Services.Core.Internal.dll
Symbol file LoadedFromMemory is not a mono symbol file
Symbol file data-0000017FC703B230 doesn't match image D:\Proyecto-IdS\Proyecto-IdS\ProyectoIdS2\Library\ScriptAssemblies\UnityEngine.UI.dll
Symbol file LoadedFromMemory is not a mono symbol file
Symbol file data-0000017FC435D220 doesn't match image D:\Proyecto-IdS\Proyecto-IdS\ProyectoIdS2\Library\ScriptAssemblies\Unity.Services.Core.Configuration.dll
Symbol file LoadedFromMemory is not a mono symbol file
Symbol file data-0000017FC7AA6A20 doesn't match image D:\Proyecto-IdS\Proyecto-IdS\ProyectoIdS2\Library\ScriptAssemblies\Unity.Services.Core.dll
Symbol file LoadedFromMemory is not a mono symbol file
Symbol file data-0000017FC513C040 doesn't match image D:\Proyecto-IdS\Proyecto-IdS\ProyectoIdS2\Library\ScriptAssemblies\Unity.VisualScripting.Core.dll
Symbol file LoadedFromMemory is not a mono symbol file
Symbol file data-0000017FC68D89F0 doesn't match image D:\Proyecto-IdS\Proyecto-IdS\ProyectoIdS2\Library\ScriptAssemblies\Unity.EditorCoroutines.Editor.dll
Symbol file LoadedFromMemory is not a mono symbol file
Symbol file data-0000017FC42ECF10 doesn't match image D:\Proyecto-IdS\Proyecto-IdS\ProyectoIdS2\Library\ScriptAssemblies\Unity.Services.Core.Editor.dll
Symbol file LoadedFromMemory is not a mono symbol file
Symbol file data-0000017FC7AA6A20 doesn't match image D:\Proyecto-IdS\Proyecto-IdS\ProyectoIdS2\Library\ScriptAssemblies\Unity.Services.Core.Configuration.Editor.dll
Symbol file LoadedFromMemory is not a mono symbol file
Symbol file data-0000017FC68D89F0 doesn't match image D:\Proyecto-IdS\Proyecto-IdS\ProyectoIdS2\Library\ScriptAssemblies\Unity.Services.Core.Analytics.dll
Symbol file LoadedFromMemory is not a mono symbol file
Symbol file data-0000017FC435D220 doesn't match image D:\Proyecto-IdS\Proyecto-IdS\ProyectoIdS2\Library\ScriptAssemblies\Unity.Services.Core.Registration.dll
Symbol file LoadedFromMemory is not a mono symbol file
Symbol file data-0000017FC7AA6A20 doesn't match image D:\Proyecto-IdS\Proyecto-IdS\ProyectoIdS2\Library\ScriptAssemblies\Unity.VisualScripting.Shared.Editor.dll
Symbol file LoadedFromMemory is not a mono symbol file
Symbol file data-0000017FC7AA6A20 doesn't match image D:\Proyecto-IdS\Proyecto-IdS\ProyectoIdS2\Library\ScriptAssemblies\Unity.Services.Core.Environments.dll
Symbol file LoadedFromMemory is not a mono symbol file
Symbol file data-0000017FC42F4F20 doesn't match image D:\Proyecto-IdS\Proyecto-IdS\ProyectoIdS2\Library\ScriptAssemblies\Unity.Settings.Editor.dll
Symbol file LoadedFromMemory is not a mono symbol file
Symbol file data-0000017FC7AA6A20 doesn't match image D:\Proyecto-IdS\Proyecto-IdS\ProyectoIdS2\Library\ScriptAssemblies\Unity.Services.Core.Scheduler.dll
Symbol file LoadedFromMemory is not a mono symbol file
Symbol file data-0000017FC7AA6A20 doesn't match image D:\Proyecto-IdS\Proyecto-IdS\ProyectoIdS2\Library\ScriptAssemblies\Unity.Services.Core.Environments.Internal.dll
Symbol file LoadedFromMemory is not a mono symbol file
Symbol file data-0000017FC513C040 doesn't match image D:\Proyecto-IdS\Proyecto-IdS\ProyectoIdS2\Library\ScriptAssemblies\Unity.Timeline.Editor.dll
Symbol file LoadedFromMemory is not a mono symbol file
Symbol file data-0000017FC50F5A10 doesn't match image D:\Proyecto-IdS\Proyecto-IdS\ProyectoIdS2\Library\ScriptAssemblies\Unity.CollabProxy.Editor.dll
Symbol file LoadedFromMemory is not a mono symbol file
Symbol file data-0000017FC7AA6A20 doesn't match image D:\Proyecto-IdS\Proyecto-IdS\ProyectoIdS2\Library\ScriptAssemblies\Unity.Services.Core.Threading.dll
Symbol file LoadedFromMemory is not a mono symbol file
Symbol file data-0000017FC6F4C840 doesn't match image D:\Proyecto-IdS\Proyecto-IdS\ProyectoIdS2\Library\ScriptAssemblies\Unity.VisualScripting.State.dll
Symbol file LoadedFromMemory is not a mono symbol file
Symbol file data-0000017FC7AA6A20 doesn't match image D:\Proyecto-IdS\Proyecto-IdS\ProyectoIdS2\Library\ScriptAssemblies\Unity.Services.Core.Device.dll
Symbol file LoadedFromMemory is not a mono symbol file
Symbol file LoadedFromMemory doesn't match image D:\Proyecto-IdS\Proyecto-IdS\ProyectoIdS2\Library\PackageCache\com.unity.visualscripting@1.7.8\Editor\VisualScripting.Core\Dependencies\YamlDotNet\Unity.VisualScripting.YamlDotNet.dll
Symbol file LoadedFromMemory doesn't match image D:\Proyecto-IdS\Proyecto-IdS\ProyectoIdS2\Library\PackageCache\com.unity.visualscripting@1.7.8\Editor\VisualScripting.Core\Dependencies\DotNetZip\Unity.VisualScripting.IonicZip.dll
Native extension for WindowsStandalone target not found
Refreshing native plugins compatible for Editor in 1.25 ms, found 4 plugins.
Preloading 1 native plugins for Editor in 0.04 ms.
Mono: successfully reloaded assembly
- Completed reload, in  1.095 seconds
Domain Reload Profiling:
	ReloadAssembly (1096ms)
		BeginReloadAssembly (131ms)
			ExecutionOrderSort (0ms)
			DisableScriptedObjects (7ms)
			BackupInstance (0ms)
			ReleaseScriptingObjects (0ms)
			CreateAndSetChildDomain (29ms)
		EndReloadAssembly (841ms)
			LoadAssemblies (103ms)
			RebuildTransferFunctionScriptingTraits (0ms)
			SetupTypeCache (296ms)
			ReleaseScriptCaches (1ms)
			RebuildScriptCaches (47ms)
			SetupLoadedEditorAssemblies (366ms)
				LogAssemblyErrors (0ms)
				InitializePlatformSupportModulesInManaged (8ms)
				SetLoadedEditorAssemblies (1ms)
				RefreshPlugins (1ms)
				BeforeProcessingInitializeOnLoad (93ms)
				ProcessInitializeOnLoadAttributes (227ms)
				ProcessInitializeOnLoadMethodAttributes (23ms)
				AfterProcessingInitializeOnLoad (13ms)
				EditorAssembliesLoaded (0ms)
			ExecutionOrderSort2 (0ms)
			AwakeInstancesAfterBackupRestoration (6ms)
Platform modules already initialized, skipping
========================================================================
Worker process is ready to serve import requests
Launched and connected shader compiler UnityShaderCompiler.exe after 0.06 seconds
Refreshing native plugins compatible for Editor in 1.31 ms, found 4 plugins.
Preloading 1 native plugins for Editor in 0.05 ms.
Unloading 3393 Unused Serialized files (Serialized files now loaded: 0)
Unloading 30 unused Assets / (56.7 KB). Loaded Objects now: 3854.
Memory consumption went from 118.9 MB to 118.9 MB.
Total: 3.488600 ms (FindLiveObjects: 0.436100 ms CreateObjectMapping: 0.084600 ms MarkObjects: 2.888800 ms  DeleteObjects: 0.078200 ms)

AssetImportParameters requested are different than current active one (requested -> active):
  custom:video-decoder-ogg-theora: a1e56fd34408186e4bbccfd4996cb3dc -> 
  custom:container-muxer-webm: aa71ff27fc2769a1b78a27578f13a17b -> 
  custom:container-demuxer-webm: 4f35f7cbe854078d1ac9338744f61a02 -> 
  custom:video-encoder-webm-vp8: eb34c28f22e8b96e1ab97ce403110664 -> 
  custom:audio-encoder-webm-vorbis: bf7c407c2cedff20999df2af8eb42d56 -> 
  custom:framework-win-MediaFoundation: 216162199b28c13a410421893ffa2e32 -> 
  custom:container-demuxer-ogg: 62fdf1f143b41e24485cea50d1cbac27 -> 
  custom:video-decoder-webm-vp8: 9c59270c3fd7afecdb556c50c9e8de78 -> 
  custom:audio-decoder-ogg-vorbis: bf7c407c2cedff20999df2af8eb42d56 -> 
========================================================================
Received Prepare
Registering precompiled user dll's ...
Registered in 0.006397 seconds.
Begin MonoManager ReloadAssembly
Symbol file data-0000017FCB565010 doesn't match image D:\Proyecto-IdS\Proyecto-IdS\ProyectoIdS2\Library\ScriptAssemblies\Assembly-CSharp-firstpass.dll
Symbol file LoadedFromMemory is not a mono symbol file
Symbol file data-0000017FC7A34400 doesn't match image D:\Proyecto-IdS\Proyecto-IdS\ProyectoIdS2\Library\ScriptAssemblies\Unity.VisualScripting.Flow.Editor.dll
Symbol file LoadedFromMemory is not a mono symbol file
Symbol file data-0000017FC7AAB070 doesn't match image D:\Proyecto-IdS\Proyecto-IdS\ProyectoIdS2\Library\ScriptAssemblies\Unity.VSCode.Editor.dll
Symbol file LoadedFromMemory is not a mono symbol file
Symbol file data-0000017FC5174660 doesn't match image D:\Proyecto-IdS\Proyecto-IdS\ProyectoIdS2\Library\ScriptAssemblies\Unity.TextMeshPro.Editor.dll
Symbol file LoadedFromMemory is not a mono symbol file
Symbol file data-0000017FC7AAB070 doesn't match image D:\Proyecto-IdS\Proyecto-IdS\ProyectoIdS2\Library\ScriptAssemblies\Unity.Services.Core.Telemetry.dll
Symbol file LoadedFromMemory is not a mono symbol file
Symbol file data-0000017FC6D5F010 doesn't match image D:\Proyecto-IdS\Proyecto-IdS\ProyectoIdS2\Library\ScriptAssemblies\Unity.Performance.Profile-Analyzer.Editor.dll
Symbol file LoadedFromMemory is not a mono symbol file
Symbol file data-0000017FC6EF3C70 doesn't match image D:\Proyecto-IdS\Proyecto-IdS\ProyectoIdS2\Library\ScriptAssemblies\Unity.TestTools.CodeCoverage.Editor.OpenCover.Model.dll
Symbol file LoadedFromMemory is not a mono symbol file
Symbol file data-0000017FC4E72590 doesn't match image D:\Proyecto-IdS\Proyecto-IdS\ProyectoIdS2\Library\ScriptAssemblies\Unity.Timeline.dll
Symbol file LoadedFromMemory is not a mono symbol file
Symbol file data-0000017FC688B020 doesn't match image D:\Proyecto-IdS\Proyecto-IdS\ProyectoIdS2\Library\ScriptAssemblies\Unity.VisualScripting.Core.Editor.dll
Symbol file LoadedFromMemory is not a mono symbol file
Symbol file data-0000017FCC4A49C0 doesn't match image D:\Proyecto-IdS\Proyecto-IdS\ProyectoIdS2\Library\ScriptAssemblies\Unity.TextMeshPro.dll
Symbol file LoadedFromMemory is not a mono symbol file
Symbol file data-0000017FC686B440 doesn't match image D:\Proyecto-IdS\Proyecto-IdS\ProyectoIdS2\Library\ScriptAssemblies\Unity.VisualScripting.State.Editor.dll
Symbol file LoadedFromMemory is not a mono symbol file
Symbol file data-0000017FC7A49A10 doesn't match image D:\Proyecto-IdS\Proyecto-IdS\ProyectoIdS2\Library\ScriptAssemblies\Unity.Services.Core.Networking.dll
Symbol file LoadedFromMemory is not a mono symbol file
Symbol file data-0000017FCB7F9E20 doesn't match image D:\Proyecto-IdS\Proyecto-IdS\ProyectoIdS2\Library\ScriptAssemblies\Unity.VisualScripting.SettingsProvider.Editor.dll
Symbol file LoadedFromMemory is not a mono symbol file
Symbol file data-0000017FCB7F9E20 doesn't match image D:\Proyecto-IdS\Proyecto-IdS\ProyectoIdS2\Library\ScriptAssemblies\Unity.TestTools.CodeCoverage.Editor.OpenCover.Mono.Reflection.dll
Symbol file LoadedFromMemory is not a mono symbol file
Symbol file data-0000017FCB5AF010 doesn't match image D:\Proyecto-IdS\Proyecto-IdS\ProyectoIdS2\Library\ScriptAssemblies\Unity.VisualScripting.Flow.dll
Symbol file LoadedFromMemory is not a mono symbol file
Symbol file data-0000017FC686B440 doesn't match image D:\Proyecto-IdS\Proyecto-IdS\ProyectoIdS2\Library\ScriptAssemblies\UnityEditor.UI.dll
Symbol file LoadedFromMemory is not a mono symbol file
Symbol file data-0000017FC7195030 doesn't match image D:\Proyecto-IdS\Proyecto-IdS\ProyectoIdS2\Library\ScriptAssemblies\Unity.Services.Core.Internal.dll
Symbol file LoadedFromMemory is not a mono symbol file
Symbol file data-0000017FCB5AF010 doesn't match image D:\Proyecto-IdS\Proyecto-IdS\ProyectoIdS2\Library\ScriptAssemblies\UnityEngine.UI.dll
Symbol file LoadedFromMemory is not a mono symbol file
Symbol file data-0000017FCAC1D2E0 doesn't match image D:\Proyecto-IdS\Proyecto-IdS\ProyectoIdS2\Library\ScriptAssemblies\Unity.Services.Core.Configuration.dll
Symbol file LoadedFromMemory is not a mono symbol file
Symbol file data-0000017FCB7F9E20 doesn't match image D:\Proyecto-IdS\Proyecto-IdS\ProyectoIdS2\Library\ScriptAssemblies\Unity.Services.Core.dll
Symbol file LoadedFromMemory is not a mono symbol file
Symbol file data-0000017FCA63B030 doesn't match image D:\Proyecto-IdS\Proyecto-IdS\ProyectoIdS2\Library\ScriptAssemblies\Unity.VisualScripting.Core.dll
Symbol file LoadedFromMemory is not a mono symbol file
Symbol file data-0000017FCB7F9E20 doesn't match image D:\Proyecto-IdS\Proyecto-IdS\ProyectoIdS2\Library\ScriptAssemblies\Unity.EditorCoroutines.Editor.dll
Symbol file LoadedFromMemory is not a mono symbol file
Symbol file data-0000017FC7195030 doesn't match image D:\Proyecto-IdS\Proyecto-IdS\ProyectoIdS2\Library\ScriptAssemblies\Unity.Services.Core.Editor.dll
Symbol file LoadedFromMemory is not a mono symbol file
Symbol file data-0000017FCB7F9E20 doesn't match image D:\Proyecto-IdS\Proyecto-IdS\ProyectoIdS2\Library\ScriptAssemblies\Unity.Services.Core.Configuration.Editor.dll
Symbol file LoadedFromMemory is not a mono symbol file
Symbol file data-0000017FCB7F9E20 doesn't match image D:\Proyecto-IdS\Proyecto-IdS\ProyectoIdS2\Library\ScriptAssemblies\Unity.Services.Core.Analytics.dll
Symbol file LoadedFromMemory is not a mono symbol file
Symbol file data-0000017FCC514AD0 doesn't match image D:\Proyecto-IdS\Proyecto-IdS\ProyectoIdS2\Library\ScriptAssemblies\Unity.Services.Core.Registration.dll
Symbol file LoadedFromMemory is not a mono symbol file
Symbol file data-0000017FC6D79A20 doesn't match image D:\Proyecto-IdS\Proyecto-IdS\ProyectoIdS2\Library\ScriptAssemblies\Unity.VisualScripting.Shared.Editor.dll
Symbol file LoadedFromMemory is not a mono symbol file
Symbol file data-0000017FC6D79A20 doesn't match image D:\Proyecto-IdS\Proyecto-IdS\ProyectoIdS2\Library\ScriptAssemblies\Unity.Services.Core.Environments.dll
Symbol file LoadedFromMemory is not a mono symbol file
Symbol file data-0000017FC777A300 doesn't match image D:\Proyecto-IdS\Proyecto-IdS\ProyectoIdS2\Library\ScriptAssemblies\Unity.Settings.Editor.dll
Symbol file LoadedFromMemory is not a mono symbol file
Symbol file data-0000017FC719E440 doesn't match image D:\Proyecto-IdS\Proyecto-IdS\ProyectoIdS2\Library\ScriptAssemblies\Unity.Services.Core.Scheduler.dll
Symbol file LoadedFromMemory is not a mono symbol file
Symbol file data-0000017FC719E440 doesn't match image D:\Proyecto-IdS\Proyecto-IdS\ProyectoIdS2\Library\ScriptAssemblies\Unity.Services.Core.Environments.Internal.dll
Symbol file LoadedFromMemory is not a mono symbol file
Symbol file data-0000017FC679C020 doesn't match image D:\Proyecto-IdS\Proyecto-IdS\ProyectoIdS2\Library\ScriptAssemblies\Unity.Timeline.Editor.dll
Symbol file LoadedFromMemory is not a mono symbol file
Symbol file data-0000017FC4CAD010 doesn't match image D:\Proyecto-IdS\Proyecto-IdS\ProyectoIdS2\Library\ScriptAssemblies\Unity.CollabProxy.Editor.dll
Symbol file LoadedFromMemory is not a mono symbol file
Symbol file data-0000017FC719E440 doesn't match image D:\Proyecto-IdS\Proyecto-IdS\ProyectoIdS2\Library\ScriptAssemblies\Unity.Services.Core.Threading.dll
Symbol file LoadedFromMemory is not a mono symbol file
Symbol file data-0000017FCB5CCA20 doesn't match image D:\Proyecto-IdS\Proyecto-IdS\ProyectoIdS2\Library\ScriptAssemblies\Unity.VisualScripting.State.dll
Symbol file LoadedFromMemory is not a mono symbol file
Symbol file data-0000017FC719E440 doesn't match image D:\Proyecto-IdS\Proyecto-IdS\ProyectoIdS2\Library\ScriptAssemblies\Unity.Services.Core.Device.dll
Symbol file LoadedFromMemory is not a mono symbol file
Symbol file LoadedFromMemory doesn't match image D:\Proyecto-IdS\Proyecto-IdS\ProyectoIdS2\Library\PackageCache\com.unity.visualscripting@1.7.8\Editor\VisualScripting.Core\Dependencies\YamlDotNet\Unity.VisualScripting.YamlDotNet.dll
Symbol file LoadedFromMemory doesn't match image D:\Proyecto-IdS\Proyecto-IdS\ProyectoIdS2\Library\PackageCache\com.unity.visualscripting@1.7.8\Editor\VisualScripting.Core\Dependencies\DotNetZip\Unity.VisualScripting.IonicZip.dll
Native extension for WindowsStandalone target not found
Refreshing native plugins compatible for Editor in 0.73 ms, found 4 plugins.
Preloading 1 native plugins for Editor in 0.04 ms.
Mono: successfully reloaded assembly
- Completed reload, in  1.114 seconds
Domain Reload Profiling:
	ReloadAssembly (1114ms)
		BeginReloadAssembly (156ms)
			ExecutionOrderSort (0ms)
			DisableScriptedObjects (4ms)
			BackupInstance (0ms)
			ReleaseScriptingObjects (0ms)
			CreateAndSetChildDomain (45ms)
		EndReloadAssembly (868ms)
			LoadAssemblies (118ms)
			RebuildTransferFunctionScriptingTraits (0ms)
			SetupTypeCache (311ms)
			ReleaseScriptCaches (2ms)
			RebuildScriptCaches (44ms)
			SetupLoadedEditorAssemblies (356ms)
				LogAssemblyErrors (0ms)
				InitializePlatformSupportModulesInManaged (15ms)
				SetLoadedEditorAssemblies (0ms)
				RefreshPlugins (1ms)
				BeforeProcessingInitializeOnLoad (76ms)
				ProcessInitializeOnLoadAttributes (222ms)
				ProcessInitializeOnLoadMethodAttributes (28ms)
				AfterProcessingInitializeOnLoad (13ms)
				EditorAssembliesLoaded (1ms)
			ExecutionOrderSort2 (0ms)
			AwakeInstancesAfterBackupRestoration (7ms)
Platform modules already initialized, skipping
Refreshing native plugins compatible for Editor in 4.51 ms, found 4 plugins.
Preloading 1 native plugins for Editor in 0.05 ms.
Unloading 3373 Unused Serialized files (Serialized files now loaded: 0)
Unloading 23 unused Assets / (24.8 KB). Loaded Objects now: 3857.
Memory consumption went from 117.4 MB to 117.4 MB.
Total: 2.889600 ms (FindLiveObjects: 0.300200 ms CreateObjectMapping: 0.075000 ms MarkObjects: 2.481300 ms  DeleteObjects: 0.032300 ms)

AssetImportParameters requested are different than current active one (requested -> active):
  custom:video-decoder-ogg-theora: a1e56fd34408186e4bbccfd4996cb3dc -> 
  custom:container-muxer-webm: aa71ff27fc2769a1b78a27578f13a17b -> 
  custom:container-demuxer-webm: 4f35f7cbe854078d1ac9338744f61a02 -> 
  custom:video-encoder-webm-vp8: eb34c28f22e8b96e1ab97ce403110664 -> 
  custom:audio-encoder-webm-vorbis: bf7c407c2cedff20999df2af8eb42d56 -> 
  custom:framework-win-MediaFoundation: 216162199b28c13a410421893ffa2e32 -> 
  custom:container-demuxer-ogg: 62fdf1f143b41e24485cea50d1cbac27 -> 
  custom:video-decoder-webm-vp8: 9c59270c3fd7afecdb556c50c9e8de78 -> 
  custom:audio-decoder-ogg-vorbis: bf7c407c2cedff20999df2af8eb42d56 -> 
========================================================================
Received Prepare
Registering precompiled user dll's ...
Registered in 0.007490 seconds.
Begin MonoManager ReloadAssembly
Symbol file data-0000017FC5031010 doesn't match image D:\Proyecto-IdS\Proyecto-IdS\ProyectoIdS2\Library\ScriptAssemblies\Assembly-CSharp-firstpass.dll
Symbol file LoadedFromMemory is not a mono symbol file
Symbol file data-0000017FCBA27030 doesn't match image D:\Proyecto-IdS\Proyecto-IdS\ProyectoIdS2\Library\ScriptAssemblies\Unity.VisualScripting.Flow.Editor.dll
Symbol file LoadedFromMemory is not a mono symbol file
Symbol file data-0000017FC71EADE0 doesn't match image D:\Proyecto-IdS\Proyecto-IdS\ProyectoIdS2\Library\ScriptAssemblies\Unity.VSCode.Editor.dll
Symbol file LoadedFromMemory is not a mono symbol file
Symbol file data-0000017FC5248010 doesn't match image D:\Proyecto-IdS\Proyecto-IdS\ProyectoIdS2\Library\ScriptAssemblies\Unity.TextMeshPro.Editor.dll
Symbol file LoadedFromMemory is not a mono symbol file
Symbol file data-0000017FC71EADE0 doesn't match image D:\Proyecto-IdS\Proyecto-IdS\ProyectoIdS2\Library\ScriptAssemblies\Unity.Services.Core.Telemetry.dll
Symbol file LoadedFromMemory is not a mono symbol file
Symbol file data-0000017FCBA27030 doesn't match image D:\Proyecto-IdS\Proyecto-IdS\ProyectoIdS2\Library\ScriptAssemblies\Unity.Performance.Profile-Analyzer.Editor.dll
Symbol file LoadedFromMemory is not a mono symbol file
Symbol file data-0000017FC71EADE0 doesn't match image D:\Proyecto-IdS\Proyecto-IdS\ProyectoIdS2\Library\ScriptAssemblies\Unity.TestTools.CodeCoverage.Editor.OpenCover.Model.dll
Symbol file LoadedFromMemory is not a mono symbol file
Symbol file data-0000017FCC18AF20 doesn't match image D:\Proyecto-IdS\Proyecto-IdS\ProyectoIdS2\Library\ScriptAssemblies\Unity.Timeline.dll
Symbol file LoadedFromMemory is not a mono symbol file
Symbol file data-0000017FC50AFA10 doesn't match image D:\Proyecto-IdS\Proyecto-IdS\ProyectoIdS2\Library\ScriptAssemblies\Unity.VisualScripting.Core.Editor.dll
Symbol file LoadedFromMemory is not a mono symbol file
Symbol file data-0000017FC44B1C90 doesn't match image D:\Proyecto-IdS\Proyecto-IdS\ProyectoIdS2\Library\ScriptAssemblies\Unity.TextMeshPro.dll
Symbol file LoadedFromMemory is not a mono symbol file
Symbol file data-0000017FCAAA8010 doesn't match image D:\Proyecto-IdS\Proyecto-IdS\ProyectoIdS2\Library\ScriptAssemblies\Unity.VisualScripting.State.Editor.dll
Symbol file LoadedFromMemory is not a mono symbol file
Symbol file data-0000017FCC1DDE80 doesn't match image D:\Proyecto-IdS\Proyecto-IdS\ProyectoIdS2\Library\ScriptAssemblies\Unity.Services.Core.Networking.dll
Symbol file LoadedFromMemory is not a mono symbol file
Symbol file data-0000017FCC45F020 doesn't match image D:\Proyecto-IdS\Proyecto-IdS\ProyectoIdS2\Library\ScriptAssemblies\Unity.VisualScripting.SettingsProvider.Editor.dll
Symbol file LoadedFromMemory is not a mono symbol file
Symbol file data-0000017FCC45F020 doesn't match image D:\Proyecto-IdS\Proyecto-IdS\ProyectoIdS2\Library\ScriptAssemblies\Unity.TestTools.CodeCoverage.Editor.OpenCover.Mono.Reflection.dll
Symbol file LoadedFromMemory is not a mono symbol file
Symbol file data-0000017FCB5AF010 doesn't match image D:\Proyecto-IdS\Proyecto-IdS\ProyectoIdS2\Library\ScriptAssemblies\Unity.VisualScripting.Flow.dll
Symbol file LoadedFromMemory is not a mono symbol file
Symbol file data-0000017FCAAA8010 doesn't match image D:\Proyecto-IdS\Proyecto-IdS\ProyectoIdS2\Library\ScriptAssemblies\UnityEditor.UI.dll
Symbol file LoadedFromMemory is not a mono symbol file
Symbol file data-0000017FCBDA11F0 doesn't match image D:\Proyecto-IdS\Proyecto-IdS\ProyectoIdS2\Library\ScriptAssemblies\Unity.Services.Core.Internal.dll
Symbol file LoadedFromMemory is not a mono symbol file
Symbol file data-0000017FC430D010 doesn't match image D:\Proyecto-IdS\Proyecto-IdS\ProyectoIdS2\Library\ScriptAssemblies\UnityEngine.UI.dll
Symbol file LoadedFromMemory is not a mono symbol file
Symbol file data-0000017FCC45F020 doesn't match image D:\Proyecto-IdS\Proyecto-IdS\ProyectoIdS2\Library\ScriptAssemblies\Unity.Services.Core.Configuration.dll
Symbol file LoadedFromMemory is not a mono symbol file
Symbol file data-0000017FCC45F020 doesn't match image D:\Proyecto-IdS\Proyecto-IdS\ProyectoIdS2\Library\ScriptAssemblies\Unity.Services.Core.dll
Symbol file LoadedFromMemory is not a mono symbol file
Symbol file data-0000017FC9E06020 doesn't match image D:\Proyecto-IdS\Proyecto-IdS\ProyectoIdS2\Library\ScriptAssemblies\Unity.VisualScripting.Core.dll
Symbol file LoadedFromMemory is not a mono symbol file
Symbol file data-0000017FCBA41A40 doesn't match image D:\Proyecto-IdS\Proyecto-IdS\ProyectoIdS2\Library\ScriptAssemblies\Unity.EditorCoroutines.Editor.dll
Symbol file LoadedFromMemory is not a mono symbol file
Symbol file data-0000017FC4912C20 doesn't match image D:\Proyecto-IdS\Proyecto-IdS\ProyectoIdS2\Library\ScriptAssemblies\Unity.Services.Core.Editor.dll
Symbol file LoadedFromMemory is not a mono symbol file
Symbol file data-0000017FCC45F020 doesn't match image D:\Proyecto-IdS\Proyecto-IdS\ProyectoIdS2\Library\ScriptAssemblies\Unity.Services.Core.Configuration.Editor.dll
Symbol file LoadedFromMemory is not a mono symbol file
Symbol file data-0000017FCC1DDE80 doesn't match image D:\Proyecto-IdS\Proyecto-IdS\ProyectoIdS2\Library\ScriptAssemblies\Unity.Services.Core.Analytics.dll
Symbol file LoadedFromMemory is not a mono symbol file
Symbol file data-0000017FC9F06290 doesn't match image D:\Proyecto-IdS\Proyecto-IdS\ProyectoIdS2\Library\ScriptAssemblies\Unity.Services.Core.Registration.dll
Symbol file LoadedFromMemory is not a mono symbol file
Symbol file data-0000017FC9F06290 doesn't match image D:\Proyecto-IdS\Proyecto-IdS\ProyectoIdS2\Library\ScriptAssemblies\Unity.VisualScripting.Shared.Editor.dll
Symbol file LoadedFromMemory is not a mono symbol file
Symbol file data-0000017FCC1DDE80 doesn't match image D:\Proyecto-IdS\Proyecto-IdS\ProyectoIdS2\Library\ScriptAssemblies\Unity.Services.Core.Environments.dll
Symbol file LoadedFromMemory is not a mono symbol file
Symbol file data-0000017FCBEE95A0 doesn't match image D:\Proyecto-IdS\Proyecto-IdS\ProyectoIdS2\Library\ScriptAssemblies\Unity.Settings.Editor.dll
Symbol file LoadedFromMemory is not a mono symbol file
Symbol file data-0000017FC9F06290 doesn't match image D:\Proyecto-IdS\Proyecto-IdS\ProyectoIdS2\Library\ScriptAssemblies\Unity.Services.Core.Scheduler.dll
Symbol file LoadedFromMemory is not a mono symbol file
Symbol file data-0000017FCC1DDE80 doesn't match image D:\Proyecto-IdS\Proyecto-IdS\ProyectoIdS2\Library\ScriptAssemblies\Unity.Services.Core.Environments.Internal.dll
Symbol file LoadedFromMemory is not a mono symbol file
Symbol file data-0000017FC679C020 doesn't match image D:\Proyecto-IdS\Proyecto-IdS\ProyectoIdS2\Library\ScriptAssemblies\Unity.Timeline.Editor.dll
Symbol file LoadedFromMemory is not a mono symbol file
Symbol file data-0000017FC7195030 doesn't match image D:\Proyecto-IdS\Proyecto-IdS\ProyectoIdS2\Library\ScriptAssemblies\Unity.CollabProxy.Editor.dll
Symbol file LoadedFromMemory is not a mono symbol file
Symbol file data-0000017FCC1DDE80 doesn't match image D:\Proyecto-IdS\Proyecto-IdS\ProyectoIdS2\Library\ScriptAssemblies\Unity.Services.Core.Threading.dll
Symbol file LoadedFromMemory is not a mono symbol file
Symbol file data-0000017FC46A9CD0 doesn't match image D:\Proyecto-IdS\Proyecto-IdS\ProyectoIdS2\Library\ScriptAssemblies\Unity.VisualScripting.State.dll
Symbol file LoadedFromMemory is not a mono symbol file
Symbol file data-0000017FC4947040 doesn't match image D:\Proyecto-IdS\Proyecto-IdS\ProyectoIdS2\Library\ScriptAssemblies\Unity.Services.Core.Device.dll
Symbol file LoadedFromMemory is not a mono symbol file
Symbol file LoadedFromMemory doesn't match image D:\Proyecto-IdS\Proyecto-IdS\ProyectoIdS2\Library\PackageCache\com.unity.visualscripting@1.7.8\Editor\VisualScripting.Core\Dependencies\YamlDotNet\Unity.VisualScripting.YamlDotNet.dll
Symbol file LoadedFromMemory doesn't match image D:\Proyecto-IdS\Proyecto-IdS\ProyectoIdS2\Library\PackageCache\com.unity.visualscripting@1.7.8\Editor\VisualScripting.Core\Dependencies\DotNetZip\Unity.VisualScripting.IonicZip.dll
Native extension for WindowsStandalone target not found
Refreshing native plugins compatible for Editor in 0.62 ms, found 4 plugins.
Preloading 1 native plugins for Editor in 0.03 ms.
Mono: successfully reloaded assembly
- Completed reload, in  1.082 seconds
Domain Reload Profiling:
	ReloadAssembly (1082ms)
		BeginReloadAssembly (162ms)
			ExecutionOrderSort (0ms)
			DisableScriptedObjects (5ms)
			BackupInstance (0ms)
			ReleaseScriptingObjects (0ms)
			CreateAndSetChildDomain (51ms)
		EndReloadAssembly (821ms)
			LoadAssemblies (116ms)
			RebuildTransferFunctionScriptingTraits (0ms)
			SetupTypeCache (278ms)
			ReleaseScriptCaches (1ms)
			RebuildScriptCaches (47ms)
			SetupLoadedEditorAssemblies (347ms)
				LogAssemblyErrors (0ms)
				InitializePlatformSupportModulesInManaged (13ms)
				SetLoadedEditorAssemblies (0ms)
				RefreshPlugins (1ms)
				BeforeProcessingInitializeOnLoad (75ms)
				ProcessInitializeOnLoadAttributes (216ms)
				ProcessInitializeOnLoadMethodAttributes (30ms)
				AfterProcessingInitializeOnLoad (11ms)
				EditorAssembliesLoaded (0ms)
			ExecutionOrderSort2 (0ms)
			AwakeInstancesAfterBackupRestoration (7ms)
Platform modules already initialized, skipping
Refreshing native plugins compatible for Editor in 3.14 ms, found 4 plugins.
Preloading 1 native plugins for Editor in 0.06 ms.
Unloading 3373 Unused Serialized files (Serialized files now loaded: 0)
Unloading 23 unused Assets / (24.8 KB). Loaded Objects now: 3860.
Memory consumption went from 117.4 MB to 117.4 MB.
Total: 4.858100 ms (FindLiveObjects: 1.215100 ms CreateObjectMapping: 0.289200 ms MarkObjects: 3.317300 ms  DeleteObjects: 0.035600 ms)

AssetImportParameters requested are different than current active one (requested -> active):
  custom:video-decoder-ogg-theora: a1e56fd34408186e4bbccfd4996cb3dc -> 
  custom:container-muxer-webm: aa71ff27fc2769a1b78a27578f13a17b -> 
  custom:container-demuxer-webm: 4f35f7cbe854078d1ac9338744f61a02 -> 
  custom:video-encoder-webm-vp8: eb34c28f22e8b96e1ab97ce403110664 -> 
  custom:audio-encoder-webm-vorbis: bf7c407c2cedff20999df2af8eb42d56 -> 
  custom:framework-win-MediaFoundation: 216162199b28c13a410421893ffa2e32 -> 
  custom:container-demuxer-ogg: 62fdf1f143b41e24485cea50d1cbac27 -> 
  custom:video-decoder-webm-vp8: 9c59270c3fd7afecdb556c50c9e8de78 -> 
  custom:audio-decoder-ogg-vorbis: bf7c407c2cedff20999df2af8eb42d56 -> 
========================================================================
Received Prepare
Registering precompiled user dll's ...
Registered in 0.010509 seconds.
Begin MonoManager ReloadAssembly
Symbol file data-0000017FC7BEE010 doesn't match image D:\Proyecto-IdS\Proyecto-IdS\ProyectoIdS2\Library\ScriptAssemblies\Assembly-CSharp-firstpass.dll
Symbol file LoadedFromMemory is not a mono symbol file
Symbol file data-0000017FC7EA5020 doesn't match image D:\Proyecto-IdS\Proyecto-IdS\ProyectoIdS2\Library\ScriptAssemblies\Unity.VisualScripting.Flow.Editor.dll
Symbol file LoadedFromMemory is not a mono symbol file
Symbol file data-0000017FCBEE95A0 doesn't match image D:\Proyecto-IdS\Proyecto-IdS\ProyectoIdS2\Library\ScriptAssemblies\Unity.VSCode.Editor.dll
Symbol file LoadedFromMemory is not a mono symbol file
Symbol file data-0000017FCC1C0FC0 doesn't match image D:\Proyecto-IdS\Proyecto-IdS\ProyectoIdS2\Library\ScriptAssemblies\Unity.TextMeshPro.Editor.dll
Symbol file LoadedFromMemory is not a mono symbol file
Symbol file data-0000017FCBEE95A0 doesn't match image D:\Proyecto-IdS\Proyecto-IdS\ProyectoIdS2\Library\ScriptAssemblies\Unity.Services.Core.Telemetry.dll
Symbol file LoadedFromMemory is not a mono symbol file
Symbol file data-0000017FC7EA5020 doesn't match image D:\Proyecto-IdS\Proyecto-IdS\ProyectoIdS2\Library\ScriptAssemblies\Unity.Performance.Profile-Analyzer.Editor.dll
Symbol file LoadedFromMemory is not a mono symbol file
Symbol file data-0000017FCBEE95A0 doesn't match image D:\Proyecto-IdS\Proyecto-IdS\ProyectoIdS2\Library\ScriptAssemblies\Unity.TestTools.CodeCoverage.Editor.OpenCover.Model.dll
Symbol file LoadedFromMemory is not a mono symbol file
Symbol file data-0000017FC4E72590 doesn't match image D:\Proyecto-IdS\Proyecto-IdS\ProyectoIdS2\Library\ScriptAssemblies\Unity.Timeline.dll
Symbol file LoadedFromMemory is not a mono symbol file
Symbol file data-0000017FC50AFA10 doesn't match image D:\Proyecto-IdS\Proyecto-IdS\ProyectoIdS2\Library\ScriptAssemblies\Unity.VisualScripting.Core.Editor.dll
Symbol file LoadedFromMemory is not a mono symbol file
Symbol file data-0000017FC6F0E020 doesn't match image D:\Proyecto-IdS\Proyecto-IdS\ProyectoIdS2\Library\ScriptAssemblies\Unity.TextMeshPro.dll
Symbol file LoadedFromMemory is not a mono symbol file
Symbol file data-0000017FCA531020 doesn't match image D:\Proyecto-IdS\Proyecto-IdS\ProyectoIdS2\Library\ScriptAssemblies\Unity.VisualScripting.State.Editor.dll
Symbol file LoadedFromMemory is not a mono symbol file
Symbol file data-0000017FCBF08EB0 doesn't match image D:\Proyecto-IdS\Proyecto-IdS\ProyectoIdS2\Library\ScriptAssemblies\Unity.Services.Core.Networking.dll
Symbol file LoadedFromMemory is not a mono symbol file
Symbol file data-0000017FCBF08EB0 doesn't match image D:\Proyecto-IdS\Proyecto-IdS\ProyectoIdS2\Library\ScriptAssemblies\Unity.VisualScripting.SettingsProvider.Editor.dll
Symbol file LoadedFromMemory is not a mono symbol file
Symbol file data-0000017FCBF08EB0 doesn't match image D:\Proyecto-IdS\Proyecto-IdS\ProyectoIdS2\Library\ScriptAssemblies\Unity.TestTools.CodeCoverage.Editor.OpenCover.Mono.Reflection.dll
Symbol file LoadedFromMemory is not a mono symbol file
Symbol file data-0000017FC513C040 doesn't match image D:\Proyecto-IdS\Proyecto-IdS\ProyectoIdS2\Library\ScriptAssemblies\Unity.VisualScripting.Flow.dll
Symbol file LoadedFromMemory is not a mono symbol file
Symbol file data-0000017FCA531020 doesn't match image D:\Proyecto-IdS\Proyecto-IdS\ProyectoIdS2\Library\ScriptAssemblies\UnityEditor.UI.dll
Symbol file LoadedFromMemory is not a mono symbol file
Symbol file data-0000017FC1011A60 doesn't match image D:\Proyecto-IdS\Proyecto-IdS\ProyectoIdS2\Library\ScriptAssemblies\Unity.Services.Core.Internal.dll
Symbol file LoadedFromMemory is not a mono symbol file
Symbol file data-000001800D481030 doesn't match image D:\Proyecto-IdS\Proyecto-IdS\ProyectoIdS2\Library\ScriptAssemblies\UnityEngine.UI.dll
Symbol file LoadedFromMemory is not a mono symbol file
Symbol file data-0000017FC9F06290 doesn't match image D:\Proyecto-IdS\Proyecto-IdS\ProyectoIdS2\Library\ScriptAssemblies\Unity.Services.Core.Configuration.dll
Symbol file LoadedFromMemory is not a mono symbol file
Symbol file data-0000017FCBF08EB0 doesn't match image D:\Proyecto-IdS\Proyecto-IdS\ProyectoIdS2\Library\ScriptAssemblies\Unity.Services.Core.dll
Symbol file LoadedFromMemory is not a mono symbol file
Symbol file data-0000017FCA405020 doesn't match image D:\Proyecto-IdS\Proyecto-IdS\ProyectoIdS2\Library\ScriptAssemblies\Unity.VisualScripting.Core.dll
Symbol file LoadedFromMemory is not a mono symbol file
Symbol file data-0000017FCBF08EB0 doesn't match image D:\Proyecto-IdS\Proyecto-IdS\ProyectoIdS2\Library\ScriptAssemblies\Unity.EditorCoroutines.Editor.dll
Symbol file LoadedFromMemory is not a mono symbol file
Symbol file data-0000017FC1011A60 doesn't match image D:\Proyecto-IdS\Proyecto-IdS\ProyectoIdS2\Library\ScriptAssemblies\Unity.Services.Core.Editor.dll
Symbol file LoadedFromMemory is not a mono symbol file
Symbol file data-0000017FCBF08EB0 doesn't match image D:\Proyecto-IdS\Proyecto-IdS\ProyectoIdS2\Library\ScriptAssemblies\Unity.Services.Core.Configuration.Editor.dll
Symbol file LoadedFromMemory is not a mono symbol file
Symbol file data-0000017FCBF08EB0 doesn't match image D:\Proyecto-IdS\Proyecto-IdS\ProyectoIdS2\Library\ScriptAssemblies\Unity.Services.Core.Analytics.dll
Symbol file LoadedFromMemory is not a mono symbol file
Symbol file data-0000017FCBEDA2E0 doesn't match image D:\Proyecto-IdS\Proyecto-IdS\ProyectoIdS2\Library\ScriptAssemblies\Unity.Services.Core.Registration.dll
Symbol file LoadedFromMemory is not a mono symbol file
Symbol file data-0000017FC5195280 doesn't match image D:\Proyecto-IdS\Proyecto-IdS\ProyectoIdS2\Library\ScriptAssemblies\Unity.VisualScripting.Shared.Editor.dll
Symbol file LoadedFromMemory is not a mono symbol file
Symbol file data-0000017FC5195280 doesn't match image D:\Proyecto-IdS\Proyecto-IdS\ProyectoIdS2\Library\ScriptAssemblies\Unity.Services.Core.Environments.dll
Symbol file LoadedFromMemory is not a mono symbol file
Symbol file data-0000017FCBEE95A0 doesn't match image D:\Proyecto-IdS\Proyecto-IdS\ProyectoIdS2\Library\ScriptAssemblies\Unity.Settings.Editor.dll
Symbol file LoadedFromMemory is not a mono symbol file
Symbol file data-0000017FC5195280 doesn't match image D:\Proyecto-IdS\Proyecto-IdS\ProyectoIdS2\Library\ScriptAssemblies\Unity.Services.Core.Scheduler.dll
Symbol file LoadedFromMemory is not a mono symbol file
Symbol file data-0000017FC5195280 doesn't match image D:\Proyecto-IdS\Proyecto-IdS\ProyectoIdS2\Library\ScriptAssemblies\Unity.Services.Core.Environments.Internal.dll
Symbol file LoadedFromMemory is not a mono symbol file
Symbol file data-0000017FC679C020 doesn't match image D:\Proyecto-IdS\Proyecto-IdS\ProyectoIdS2\Library\ScriptAssemblies\Unity.Timeline.Editor.dll
Symbol file LoadedFromMemory is not a mono symbol file
Symbol file data-0000017FCAC12010 doesn't match image D:\Proyecto-IdS\Proyecto-IdS\ProyectoIdS2\Library\ScriptAssemblies\Unity.CollabProxy.Editor.dll
Symbol file LoadedFromMemory is not a mono symbol file
Symbol file data-0000017FC5195280 doesn't match image D:\Proyecto-IdS\Proyecto-IdS\ProyectoIdS2\Library\ScriptAssemblies\Unity.Services.Core.Threading.dll
Symbol file LoadedFromMemory is not a mono symbol file
Symbol file data-0000017FC7BEE010 doesn't match image D:\Proyecto-IdS\Proyecto-IdS\ProyectoIdS2\Library\ScriptAssemblies\Unity.VisualScripting.State.dll
Symbol file LoadedFromMemory is not a mono symbol file
Symbol file data-0000017FC5195280 doesn't match image D:\Proyecto-IdS\Proyecto-IdS\ProyectoIdS2\Library\ScriptAssemblies\Unity.Services.Core.Device.dll
Symbol file LoadedFromMemory is not a mono symbol file
Symbol file LoadedFromMemory doesn't match image D:\Proyecto-IdS\Proyecto-IdS\ProyectoIdS2\Library\PackageCache\com.unity.visualscripting@1.7.8\Editor\VisualScripting.Core\Dependencies\YamlDotNet\Unity.VisualScripting.YamlDotNet.dll
Symbol file LoadedFromMemory doesn't match image D:\Proyecto-IdS\Proyecto-IdS\ProyectoIdS2\Library\PackageCache\com.unity.visualscripting@1.7.8\Editor\VisualScripting.Core\Dependencies\DotNetZip\Unity.VisualScripting.IonicZip.dll
Native extension for WindowsStandalone target not found
Refreshing native plugins compatible for Editor in 1.08 ms, found 4 plugins.
Preloading 1 native plugins for Editor in 0.04 ms.
Mono: successfully reloaded assembly
- Completed reload, in  1.177 seconds
Domain Reload Profiling:
	ReloadAssembly (1178ms)
		BeginReloadAssembly (169ms)
			ExecutionOrderSort (0ms)
			DisableScriptedObjects (7ms)
			BackupInstance (0ms)
			ReleaseScriptingObjects (0ms)
			CreateAndSetChildDomain (52ms)
		EndReloadAssembly (904ms)
			LoadAssemblies (128ms)
			RebuildTransferFunctionScriptingTraits (0ms)
			SetupTypeCache (311ms)
			ReleaseScriptCaches (3ms)
			RebuildScriptCaches (53ms)
			SetupLoadedEditorAssemblies (372ms)
				LogAssemblyErrors (0ms)
				InitializePlatformSupportModulesInManaged (15ms)
				SetLoadedEditorAssemblies (1ms)
				RefreshPlugins (1ms)
				BeforeProcessingInitializeOnLoad (80ms)
				ProcessInitializeOnLoadAttributes (233ms)
				ProcessInitializeOnLoadMethodAttributes (30ms)
				AfterProcessingInitializeOnLoad (12ms)
				EditorAssembliesLoaded (0ms)
			ExecutionOrderSort2 (0ms)
			AwakeInstancesAfterBackupRestoration (6ms)
Platform modules already initialized, skipping
Refreshing native plugins compatible for Editor in 2.87 ms, found 4 plugins.
Preloading 1 native plugins for Editor in 0.04 ms.
Unloading 3373 Unused Serialized files (Serialized files now loaded: 0)
Unloading 23 unused Assets / (24.8 KB). Loaded Objects now: 3863.
Memory consumption went from 117.3 MB to 117.3 MB.
Total: 3.977800 ms (FindLiveObjects: 0.467800 ms CreateObjectMapping: 0.183400 ms MarkObjects: 3.302700 ms  DeleteObjects: 0.023000 ms)

AssetImportParameters requested are different than current active one (requested -> active):
  custom:video-decoder-ogg-theora: a1e56fd34408186e4bbccfd4996cb3dc -> 
  custom:container-muxer-webm: aa71ff27fc2769a1b78a27578f13a17b -> 
  custom:container-demuxer-webm: 4f35f7cbe854078d1ac9338744f61a02 -> 
  custom:video-encoder-webm-vp8: eb34c28f22e8b96e1ab97ce403110664 -> 
  custom:audio-encoder-webm-vorbis: bf7c407c2cedff20999df2af8eb42d56 -> 
  custom:framework-win-MediaFoundation: 216162199b28c13a410421893ffa2e32 -> 
  custom:container-demuxer-ogg: 62fdf1f143b41e24485cea50d1cbac27 -> 
  custom:video-decoder-webm-vp8: 9c59270c3fd7afecdb556c50c9e8de78 -> 
  custom:audio-decoder-ogg-vorbis: bf7c407c2cedff20999df2af8eb42d56 -> 
========================================================================
Received Import Request.
  Time since last request: 193462.441923 seconds.
  path: Assets/piezas 3d/objetos 3d/Box001_Color.png
  artifactKey: Guid(2af73e2765648a540a415c8ae46e540c) Importer(815301076,1909f56bfc062723c751e8b465ee728b)
Start importing Assets/piezas 3d/objetos 3d/Box001_Color.png using Guid(2af73e2765648a540a415c8ae46e540c) Importer(815301076,1909f56bfc062723c751e8b465ee728b)  -> (artifact id: '2fa7281aeeb7e08a325f990432a1cb32') in 0.154834 seconds 
========================================================================
Received Import Request.
  Time since last request: 0.000032 seconds.
  path: Assets/piezas 3d/objetos 3d/Box_Axel.fbx
  artifactKey: Guid(9e6d28379e239db45b9ef4c7942a99b8) Importer(815301076,1909f56bfc062723c751e8b465ee728b)
Start importing Assets/piezas 3d/objetos 3d/Box_Axel.fbx using Guid(9e6d28379e239db45b9ef4c7942a99b8) Importer(815301076,1909f56bfc062723c751e8b465ee728b)  -> (artifact id: 'ca5473489b915203eddeae079b512e98') in 0.137882 seconds 
========================================================================
Received Import Request.
  Time since last request: 0.000131 seconds.
  path: Assets/piezas 3d/objetos 3d/Chair-1.jpg
  artifactKey: Guid(1677481766ad1e248850f12c42c77722) Importer(815301076,1909f56bfc062723c751e8b465ee728b)
Start importing Assets/piezas 3d/objetos 3d/Chair-1.jpg using Guid(1677481766ad1e248850f12c42c77722) Importer(815301076,1909f56bfc062723c751e8b465ee728b)  -> (artifact id: 'c9e08011be6781103473016091828403') in 0.025348 seconds 
========================================================================
Received Import Request.
  Time since last request: 0.000024 seconds.
  path: Assets/piezas 3d/objetos 3d/Chair-2.jpg
  artifactKey: Guid(4eb29c99bbdb0c24781f7b00ae72bfa1) Importer(815301076,1909f56bfc062723c751e8b465ee728b)
Start importing Assets/piezas 3d/objetos 3d/Chair-2.jpg using Guid(4eb29c99bbdb0c24781f7b00ae72bfa1) Importer(815301076,1909f56bfc062723c751e8b465ee728b)  -> (artifact id: '38a9bbdfcd9c59763072a017a5ea61e5') in 0.020228 seconds 
Editor requested this worker to shutdown with reason: Scaling down because of idle timeout
AssetImportWorker is now disconnected from the server
Process exiting
Exiting without the bug reporter. Application will terminate with return code 0